<?xml version="1.0" encoding="UTF-8"?>
<coverage generated="1736430139595" clover="3.2.0">
  <project timestamp="1736430139595" name="All files">
    <metrics statements="44" coveredstatements="38" conditionals="12" coveredconditionals="8" methods="12" coveredmethods="12" elements="68" coveredelements="58" complexity="0" loc="44" ncloc="44" packages="1" files="1" classes="1"/>
    <file name="TabelaProdutos.jsx" path="C:\Users\Guilherme Arantes\Documents\AgroTeste\desafio-agro\src\components\TabelaProdutos.jsx">
      <metrics statements="44" coveredstatements="38" conditionals="12" coveredconditionals="8" methods="12" coveredmethods="12"/>
      <line num="3" count="1" type="stmt"/>
      <line num="4" count="11" type="stmt"/>
      <line num="5" count="11" type="stmt"/>
      <line num="6" count="11" type="stmt"/>
      <line num="7" count="11" type="stmt"/>
      <line num="9" count="11" type="stmt"/>
      <line num="10" count="4" type="stmt"/>
      <line num="11" count="4" type="stmt"/>
      <line num="12" count="4" type="stmt"/>
      <line num="13" count="4" type="stmt"/>
      <line num="14" count="3" type="stmt"/>
      <line num="16" count="1" type="stmt"/>
      <line num="19" count="4" type="stmt"/>
      <line num="22" count="11" type="stmt"/>
      <line num="23" count="2" type="cond" truecount="4" falsecount="0"/>
      <line num="24" count="1" type="stmt"/>
      <line num="25" count="1" type="stmt"/>
      <line num="28" count="1" type="stmt"/>
      <line num="33" count="1" type="stmt"/>
      <line num="34" count="1" type="stmt"/>
      <line num="42" count="1" type="cond" truecount="1" falsecount="1"/>
      <line num="43" count="0" type="stmt"/>
      <line num="46" count="1" type="stmt"/>
      <line num="48" count="1" type="stmt"/>
      <line num="49" count="1" type="stmt"/>
      <line num="50" count="1" type="stmt"/>
      <line num="51" count="1" type="stmt"/>
      <line num="53" count="0" type="stmt"/>
      <line num="57" count="11" type="stmt"/>
      <line num="58" count="1" type="stmt"/>
      <line num="59" count="1" type="stmt"/>
      <line num="66" count="1" type="cond" truecount="1" falsecount="1"/>
      <line num="67" count="0" type="cond" truecount="0" falsecount="2"/>
      <line num="68" count="0" type="stmt"/>
      <line num="70" count="0" type="stmt"/>
      <line num="73" count="1" type="stmt"/>
      <line num="74" count="2" type="stmt"/>
      <line num="76" count="1" type="stmt"/>
      <line num="78" count="0" type="stmt"/>
      <line num="82" count="11" type="stmt"/>
      <line num="94" count="1" type="stmt"/>
      <line num="101" count="1" type="stmt"/>
      <line num="125" count="6" type="stmt"/>
      <line num="130" count="1" type="stmt"/>
    </file>
  </project>
</coverage>
