{"C:\\Users\\Guilherme Arantes\\Documents\\AgroTeste\\desafio-agro\\src\\components\\ListaProdutos.jsx": {"path":"C:\\Users\\Guilherme Arantes\\Documents\\AgroTeste\\desafio-agro\\src\\components\\ListaProdutos.jsx","statementMap":{"0":{"start":{"line":4,"column":22},"end":{"line":80,"column":1}},"1":{"start":{"line":5,"column":14},"end":{"line":37,"column":3}},"2":{"start":{"line":6,"column":20},"end":{"line":6,"column":35}},"3":{"start":{"line":7,"column":4},"end":{"line":36,"column":6}},"4":{"start":{"line":29,"column":25},"end":{"line":29,"column":51}},"5":{"start":{"line":39,"column":2},"end":{"line":79,"column":4}}},"fnMap":{"0":{"name":"(anonymous_0)","decl":{"start":{"line":4,"column":22},"end":{"line":4,"column":23}},"loc":{"start":{"line":4,"column":64},"end":{"line":80,"column":1}},"line":4},"1":{"name":"(anonymous_1)","decl":{"start":{"line":5,"column":14},"end":{"line":5,"column":15}},"loc":{"start":{"line":5,"column":36},"end":{"line":37,"column":3}},"line":5},"2":{"name":"(anonymous_2)","decl":{"start":{"line":29,"column":19},"end":{"line":29,"column":20}},"loc":{"start":{"line":29,"column":25},"end":{"line":29,"column":51}},"line":29}},"branchMap":{},"s":{"0":1,"1":18,"2":29,"3":29,"4":1,"5":18},"f":{"0":18,"1":29,"2":1},"b":{},"_coverageSchema":"1a1c01bbd47fc00a2c39e90264f33305004495a9","hash":"01425e18f601b4c15c5547e05a997ec329ee4392"}
,"C:\\Users\\Guilherme Arantes\\Documents\\AgroTeste\\desafio-agro\\src\\components\\TabelaProdutos.jsx": {"path":"C:\\Users\\Guilherme Arantes\\Documents\\AgroTeste\\desafio-agro\\src\\components\\TabelaProdutos.jsx","statementMap":{"0":{"start":{"line":10,"column":23},"end":{"line":234,"column":1}},"1":{"start":{"line":11,"column":48},"end":{"line":11,"column":60}},"2":{"start":{"line":12,"column":50},"end":{"line":12,"column":62}},"3":{"start":{"line":13,"column":28},"end":{"line":13,"column":79}},"4":{"start":{"line":14,"column":36},"end":{"line":14,"column":70}},"5":{"start":{"line":15,"column":17},"end":{"line":15,"column":41}},"6":{"start":{"line":16,"column":19},"end":{"line":16,"column":32}},"7":{"start":{"line":17,"column":19},"end":{"line":17,"column":32}},"8":{"start":{"line":18,"column":16},"end":{"line":18,"column":51}},"9":{"start":{"line":19,"column":23},"end":{"line":19,"column":60}},"10":{"start":{"line":20,"column":19},"end":{"line":20,"column":66}},"11":{"start":{"line":20,"column":42},"end":{"line":20,"column":65}},"12":{"start":{"line":22,"column":20},"end":{"line":24,"column":3}},"13":{"start":{"line":23,"column":4},"end":{"line":23,"column":47}},"14":{"start":{"line":26,"column":20},"end":{"line":26,"column":64}},"15":{"start":{"line":26,"column":26},"end":{"line":26,"column":64}},"16":{"start":{"line":28,"column":28},"end":{"line":42,"column":3}},"17":{"start":{"line":29,"column":4},"end":{"line":32,"column":5}},"18":{"start":{"line":30,"column":6},"end":{"line":30,"column":39}},"19":{"start":{"line":31,"column":6},"end":{"line":31,"column":13}},"20":{"start":{"line":34,"column":4},"end":{"line":41,"column":5}},"21":{"start":{"line":35,"column":6},"end":{"line":35,"column":37}},"22":{"start":{"line":37,"column":6},"end":{"line":40,"column":8}},"23":{"start":{"line":44,"column":2},"end":{"line":46,"column":48}},"24":{"start":{"line":45,"column":4},"end":{"line":45,"column":24}},"25":{"start":{"line":48,"column":27},"end":{"line":77,"column":3}},"26":{"start":{"line":49,"column":4},"end":{"line":52,"column":5}},"27":{"start":{"line":50,"column":6},"end":{"line":50,"column":65}},"28":{"start":{"line":51,"column":6},"end":{"line":51,"column":13}},"29":{"start":{"line":54,"column":24},"end":{"line":57,"column":5}},"30":{"start":{"line":59,"column":4},"end":{"line":76,"column":5}},"31":{"start":{"line":60,"column":28},"end":{"line":64,"column":7}},"32":{"start":{"line":66,"column":6},"end":{"line":69,"column":8}},"33":{"start":{"line":70,"column":6},"end":{"line":70,"column":62}},"34":{"start":{"line":71,"column":6},"end":{"line":71,"column":29}},"35":{"start":{"line":72,"column":6},"end":{"line":72,"column":30}},"36":{"start":{"line":73,"column":6},"end":{"line":73,"column":37}},"37":{"start":{"line":75,"column":6},"end":{"line":75,"column":41}},"38":{"start":{"line":79,"column":25},"end":{"line":92,"column":3}},"39":{"start":{"line":80,"column":4},"end":{"line":91,"column":5}},"40":{"start":{"line":82,"column":6},"end":{"line":85,"column":8}},"41":{"start":{"line":86,"column":6},"end":{"line":86,"column":57}},"42":{"start":{"line":87,"column":6},"end":{"line":87,"column":60}},"43":{"start":{"line":88,"column":6},"end":{"line":88,"column":37}},"44":{"start":{"line":90,"column":6},"end":{"line":90,"column":41}},"45":{"start":{"line":94,"column":26},"end":{"line":100,"column":3}},"46":{"start":{"line":95,"column":4},"end":{"line":99,"column":5}},"47":{"start":{"line":96,"column":6},"end":{"line":96,"column":50}},"48":{"start":{"line":98,"column":6},"end":{"line":98,"column":37}},"49":{"start":{"line":102,"column":28},"end":{"line":111,"column":4}},"50":{"start":{"line":103,"column":4},"end":{"line":109,"column":5}},"51":{"start":{"line":104,"column":6},"end":{"line":106,"column":39}},"52":{"start":{"line":107,"column":11},"end":{"line":109,"column":5}},"53":{"start":{"line":108,"column":6},"end":{"line":108,"column":79}},"54":{"start":{"line":110,"column":4},"end":{"line":110,"column":13}},"55":{"start":{"line":113,"column":2},"end":{"line":233,"column":4}},"56":{"start":{"line":128,"column":12},"end":{"line":128,"column":31}},"57":{"start":{"line":129,"column":12},"end":{"line":129,"column":31}},"58":{"start":{"line":144,"column":31},"end":{"line":144,"column":65}},"59":{"start":{"line":155,"column":30},"end":{"line":155,"column":62}},"60":{"start":{"line":156,"column":16},"end":{"line":158,"column":17}},"61":{"start":{"line":157,"column":18},"end":{"line":157,"column":73}},"62":{"start":{"line":159,"column":16},"end":{"line":159,"column":67}},"63":{"start":{"line":183,"column":31},"end":{"line":183,"column":61}},"64":{"start":{"line":195,"column":31},"end":{"line":195,"column":62}},"65":{"start":{"line":207,"column":31},"end":{"line":207,"column":62}},"66":{"start":{"line":219,"column":31},"end":{"line":219,"column":63}}},"fnMap":{"0":{"name":"(anonymous_0)","decl":{"start":{"line":10,"column":23},"end":{"line":10,"column":24}},"loc":{"start":{"line":10,"column":29},"end":{"line":234,"column":1}},"line":10},"1":{"name":"(anonymous_1)","decl":{"start":{"line":20,"column":31},"end":{"line":20,"column":32}},"loc":{"start":{"line":20,"column":42},"end":{"line":20,"column":65}},"line":20},"2":{"name":"(anonymous_2)","decl":{"start":{"line":22,"column":20},"end":{"line":22,"column":21}},"loc":{"start":{"line":22,"column":39},"end":{"line":24,"column":3}},"line":22},"3":{"name":"(anonymous_3)","decl":{"start":{"line":26,"column":20},"end":{"line":26,"column":21}},"loc":{"start":{"line":26,"column":26},"end":{"line":26,"column":64}},"line":26},"4":{"name":"(anonymous_4)","decl":{"start":{"line":28,"column":28},"end":{"line":28,"column":29}},"loc":{"start":{"line":28,"column":40},"end":{"line":42,"column":3}},"line":28},"5":{"name":"(anonymous_5)","decl":{"start":{"line":44,"column":12},"end":{"line":44,"column":13}},"loc":{"start":{"line":44,"column":18},"end":{"line":46,"column":3}},"line":44},"6":{"name":"(anonymous_6)","decl":{"start":{"line":48,"column":27},"end":{"line":48,"column":28}},"loc":{"start":{"line":48,"column":39},"end":{"line":77,"column":3}},"line":48},"7":{"name":"(anonymous_7)","decl":{"start":{"line":79,"column":25},"end":{"line":79,"column":26}},"loc":{"start":{"line":79,"column":39},"end":{"line":92,"column":3}},"line":79},"8":{"name":"(anonymous_8)","decl":{"start":{"line":94,"column":26},"end":{"line":94,"column":27}},"loc":{"start":{"line":94,"column":44},"end":{"line":100,"column":3}},"line":94},"9":{"name":"(anonymous_9)","decl":{"start":{"line":102,"column":47},"end":{"line":102,"column":48}},"loc":{"start":{"line":102,"column":57},"end":{"line":111,"column":3}},"line":102},"10":{"name":"(anonymous_10)","decl":{"start":{"line":127,"column":20},"end":{"line":127,"column":21}},"loc":{"start":{"line":127,"column":27},"end":{"line":130,"column":11}},"line":127},"11":{"name":"(anonymous_11)","decl":{"start":{"line":144,"column":24},"end":{"line":144,"column":25}},"loc":{"start":{"line":144,"column":31},"end":{"line":144,"column":65}},"line":144},"12":{"name":"(anonymous_12)","decl":{"start":{"line":154,"column":24},"end":{"line":154,"column":25}},"loc":{"start":{"line":154,"column":31},"end":{"line":160,"column":15}},"line":154},"13":{"name":"(anonymous_13)","decl":{"start":{"line":183,"column":25},"end":{"line":183,"column":26}},"loc":{"start":{"line":183,"column":31},"end":{"line":183,"column":61}},"line":183},"14":{"name":"(anonymous_14)","decl":{"start":{"line":195,"column":25},"end":{"line":195,"column":26}},"loc":{"start":{"line":195,"column":31},"end":{"line":195,"column":62}},"line":195},"15":{"name":"(anonymous_15)","decl":{"start":{"line":207,"column":25},"end":{"line":207,"column":26}},"loc":{"start":{"line":207,"column":31},"end":{"line":207,"column":62}},"line":207},"16":{"name":"(anonymous_16)","decl":{"start":{"line":219,"column":25},"end":{"line":219,"column":26}},"loc":{"start":{"line":219,"column":31},"end":{"line":219,"column":63}},"line":219}},"branchMap":{"0":{"loc":{"start":{"line":29,"column":4},"end":{"line":32,"column":5}},"type":"if","locations":[{"start":{"line":29,"column":4},"end":{"line":32,"column":5}},{"start":{},"end":{}}],"line":29},"1":{"loc":{"start":{"line":49,"column":4},"end":{"line":52,"column":5}},"type":"if","locations":[{"start":{"line":49,"column":4},"end":{"line":52,"column":5}},{"start":{},"end":{}}],"line":49},"2":{"loc":{"start":{"line":49,"column":8},"end":{"line":49,"column":45}},"type":"binary-expr","locations":[{"start":{"line":49,"column":8},"end":{"line":49,"column":24}},{"start":{"line":49,"column":28},"end":{"line":49,"column":45}}],"line":49},"3":{"loc":{"start":{"line":95,"column":4},"end":{"line":99,"column":5}},"type":"if","locations":[{"start":{"line":95,"column":4},"end":{"line":99,"column":5}},{"start":{"line":97,"column":11},"end":{"line":99,"column":5}}],"line":95},"4":{"loc":{"start":{"line":95,"column":8},"end":{"line":95,"column":62}},"type":"binary-expr","locations":[{"start":{"line":95,"column":8},"end":{"line":95,"column":33}},{"start":{"line":95,"column":37},"end":{"line":95,"column":62}}],"line":95},"5":{"loc":{"start":{"line":103,"column":4},"end":{"line":109,"column":5}},"type":"if","locations":[{"start":{"line":103,"column":4},"end":{"line":109,"column":5}},{"start":{"line":107,"column":11},"end":{"line":109,"column":5}}],"line":103},"6":{"loc":{"start":{"line":104,"column":13},"end":{"line":106,"column":38}},"type":"cond-expr","locations":[{"start":{"line":105,"column":10},"end":{"line":105,"column":38}},{"start":{"line":106,"column":10},"end":{"line":106,"column":38}}],"line":104},"7":{"loc":{"start":{"line":107,"column":11},"end":{"line":109,"column":5}},"type":"if","locations":[{"start":{"line":107,"column":11},"end":{"line":109,"column":5}},{"start":{},"end":{}}],"line":107},"8":{"loc":{"start":{"line":108,"column":13},"end":{"line":108,"column":78}},"type":"cond-expr","locations":[{"start":{"line":108,"column":41},"end":{"line":108,"column":58}},{"start":{"line":108,"column":61},"end":{"line":108,"column":78}}],"line":108},"9":{"loc":{"start":{"line":156,"column":16},"end":{"line":158,"column":17}},"type":"if","locations":[{"start":{"line":156,"column":16},"end":{"line":158,"column":17}},{"start":{},"end":{}}],"line":156}},"s":{"0":1,"1":19,"2":18,"3":18,"4":18,"5":18,"6":18,"7":18,"8":18,"9":18,"10":18,"11":39,"12":18,"13":3,"14":18,"15":0,"16":18,"17":7,"18":1,"19":1,"20":6,"21":6,"22":0,"23":18,"24":7,"25":18,"26":2,"27":1,"28":1,"29":1,"30":1,"31":1,"32":1,"33":1,"34":1,"35":1,"36":1,"37":0,"38":18,"39":1,"40":1,"41":1,"42":1,"43":1,"44":0,"45":18,"46":0,"47":0,"48":0,"49":18,"50":13,"51":0,"52":13,"53":0,"54":13,"55":18,"56":2,"57":2,"58":1,"59":1,"60":1,"61":0,"62":1,"63":0,"64":0,"65":0,"66":0},"f":{"0":19,"1":39,"2":3,"3":0,"4":7,"5":7,"6":2,"7":1,"8":0,"9":13,"10":2,"11":1,"12":1,"13":0,"14":0,"15":0,"16":0},"b":{"0":[1,6],"1":[1,1],"2":[2,1],"3":[0,0],"4":[0,0],"5":[0,13],"6":[0,0],"7":[0,13],"8":[0,0],"9":[0,1]},"_coverageSchema":"1a1c01bbd47fc00a2c39e90264f33305004495a9","hash":"4b01d40b6ba401a0be827e1e10e4d87eb4e9820a"}
,"C:\\Users\\Guilherme Arantes\\Documents\\AgroTeste\\desafio-agro\\src\\components\\shared\\Toast.jsx": {"path":"C:\\Users\\Guilherme Arantes\\Documents\\AgroTeste\\desafio-agro\\src\\components\\shared\\Toast.jsx","statementMap":{"0":{"start":{"line":3,"column":14},"end":{"line":35,"column":1}},"1":{"start":{"line":5,"column":4},"end":{"line":12,"column":26}},"2":{"start":{"line":6,"column":8},"end":{"line":11,"column":9}},"3":{"start":{"line":7,"column":24},"end":{"line":9,"column":18}},"4":{"start":{"line":8,"column":12},"end":{"line":8,"column":22}},"5":{"start":{"line":10,"column":10},"end":{"line":10,"column":43}},"6":{"start":{"line":10,"column":23},"end":{"line":10,"column":42}},"7":{"start":{"line":14,"column":2},"end":{"line":34,"column":4}}},"fnMap":{"0":{"name":"(anonymous_0)","decl":{"start":{"line":3,"column":14},"end":{"line":3,"column":15}},"loc":{"start":{"line":3,"column":52},"end":{"line":35,"column":1}},"line":3},"1":{"name":"(anonymous_1)","decl":{"start":{"line":5,"column":14},"end":{"line":5,"column":15}},"loc":{"start":{"line":5,"column":20},"end":{"line":12,"column":7}},"line":5},"2":{"name":"(anonymous_2)","decl":{"start":{"line":7,"column":35},"end":{"line":7,"column":36}},"loc":{"start":{"line":7,"column":41},"end":{"line":9,"column":11}},"line":7},"3":{"name":"(anonymous_3)","decl":{"start":{"line":10,"column":17},"end":{"line":10,"column":18}},"loc":{"start":{"line":10,"column":23},"end":{"line":10,"column":42}},"line":10}},"branchMap":{"0":{"loc":{"start":{"line":6,"column":8},"end":{"line":11,"column":9}},"type":"if","locations":[{"start":{"line":6,"column":8},"end":{"line":11,"column":9}},{"start":{},"end":{}}],"line":6},"1":{"loc":{"start":{"line":16,"column":70},"end":{"line":16,"column":92}},"type":"cond-expr","locations":[{"start":{"line":16,"column":77},"end":{"line":16,"column":83}},{"start":{"line":16,"column":86},"end":{"line":16,"column":92}}],"line":16}},"s":{"0":1,"1":18,"2":18,"3":2,"4":0,"5":2,"6":2,"7":18},"f":{"0":18,"1":18,"2":0,"3":2},"b":{"0":[2,16],"1":[2,16]},"_coverageSchema":"1a1c01bbd47fc00a2c39e90264f33305004495a9","hash":"d8fc3ef1a69b0d08d9712d6b49def6c93b113b72"}
,"C:\\Users\\Guilherme Arantes\\Documents\\AgroTeste\\desafio-agro\\src\\redux\\features\\produtosSlice.js": {"path":"C:\\Users\\Guilherme Arantes\\Documents\\AgroTeste\\desafio-agro\\src\\redux\\features\\produtosSlice.js","statementMap":{"0":{"start":{"line":4,"column":29},"end":{"line":16,"column":1}},"1":{"start":{"line":7,"column":4},"end":{"line":14,"column":5}},"2":{"start":{"line":9,"column":22},"end":{"line":9,"column":61}},"3":{"start":{"line":10,"column":23},"end":{"line":10,"column":77}},"4":{"start":{"line":11,"column":6},"end":{"line":11,"column":22}},"5":{"start":{"line":13,"column":6},"end":{"line":13,"column":44}},"6":{"start":{"line":18,"column":22},"end":{"line":56,"column":2}},"7":{"start":{"line":28,"column":32},"end":{"line":28,"column":46}},"8":{"start":{"line":29,"column":6},"end":{"line":38,"column":9}},"9":{"start":{"line":30,"column":8},"end":{"line":36,"column":9}},"10":{"start":{"line":31,"column":10},"end":{"line":33,"column":43}},"11":{"start":{"line":34,"column":15},"end":{"line":36,"column":9}},"12":{"start":{"line":35,"column":10},"end":{"line":35,"column":75}},"13":{"start":{"line":37,"column":8},"end":{"line":37,"column":17}},"14":{"start":{"line":39,"column":6},"end":{"line":39,"column":38}},"15":{"start":{"line":43,"column":4},"end":{"line":54,"column":9}},"16":{"start":{"line":45,"column":8},"end":{"line":45,"column":29}},"17":{"start":{"line":48,"column":8},"end":{"line":48,"column":30}},"18":{"start":{"line":49,"column":8},"end":{"line":49,"column":40}},"19":{"start":{"line":52,"column":8},"end":{"line":52,"column":30}},"20":{"start":{"line":53,"column":8},"end":{"line":53,"column":37}},"21":{"start":{"line":58,"column":35},"end":{"line":58,"column":56}}},"fnMap":{"0":{"name":"(anonymous_0)","decl":{"start":{"line":6,"column":2},"end":{"line":6,"column":3}},"loc":{"start":{"line":6,"column":40},"end":{"line":15,"column":3}},"line":6},"1":{"name":"(anonymous_1)","decl":{"start":{"line":27,"column":21},"end":{"line":27,"column":22}},"loc":{"start":{"line":27,"column":40},"end":{"line":40,"column":5}},"line":27},"2":{"name":"(anonymous_2)","decl":{"start":{"line":29,"column":48},"end":{"line":29,"column":49}},"loc":{"start":{"line":29,"column":58},"end":{"line":38,"column":7}},"line":29},"3":{"name":"(anonymous_3)","decl":{"start":{"line":42,"column":17},"end":{"line":42,"column":18}},"loc":{"start":{"line":42,"column":30},"end":{"line":55,"column":3}},"line":42},"4":{"name":"(anonymous_4)","decl":{"start":{"line":44,"column":38},"end":{"line":44,"column":39}},"loc":{"start":{"line":44,"column":49},"end":{"line":46,"column":7}},"line":44},"5":{"name":"(anonymous_5)","decl":{"start":{"line":47,"column":40},"end":{"line":47,"column":41}},"loc":{"start":{"line":47,"column":59},"end":{"line":50,"column":7}},"line":47},"6":{"name":"(anonymous_6)","decl":{"start":{"line":51,"column":39},"end":{"line":51,"column":40}},"loc":{"start":{"line":51,"column":58},"end":{"line":54,"column":7}},"line":51}},"branchMap":{"0":{"loc":{"start":{"line":30,"column":8},"end":{"line":36,"column":9}},"type":"if","locations":[{"start":{"line":30,"column":8},"end":{"line":36,"column":9}},{"start":{"line":34,"column":15},"end":{"line":36,"column":9}}],"line":30},"1":{"loc":{"start":{"line":31,"column":17},"end":{"line":33,"column":42}},"type":"cond-expr","locations":[{"start":{"line":32,"column":14},"end":{"line":32,"column":42}},{"start":{"line":33,"column":14},"end":{"line":33,"column":42}}],"line":31},"2":{"loc":{"start":{"line":34,"column":15},"end":{"line":36,"column":9}},"type":"if","locations":[{"start":{"line":34,"column":15},"end":{"line":36,"column":9}},{"start":{},"end":{}}],"line":34},"3":{"loc":{"start":{"line":35,"column":17},"end":{"line":35,"column":74}},"type":"cond-expr","locations":[{"start":{"line":35,"column":37},"end":{"line":35,"column":54}},{"start":{"line":35,"column":57},"end":{"line":35,"column":74}}],"line":35}},"s":{"0":1,"1":8,"2":8,"3":8,"4":7,"5":1,"6":1,"7":0,"8":0,"9":0,"10":0,"11":0,"12":0,"13":0,"14":0,"15":1,"16":8,"17":7,"18":7,"19":1,"20":1,"21":1},"f":{"0":8,"1":0,"2":0,"3":1,"4":8,"5":7,"6":1},"b":{"0":[0,0],"1":[0,0],"2":[0,0],"3":[0,0]},"_coverageSchema":"1a1c01bbd47fc00a2c39e90264f33305004495a9","hash":"d1343c119c0d2d74ff513736788cf3bf391469a9"}
,"C:\\Users\\Guilherme Arantes\\Documents\\AgroTeste\\desafio-agro\\src\\redux\\store\\store.js": {"path":"C:\\Users\\Guilherme Arantes\\Documents\\AgroTeste\\desafio-agro\\src\\redux\\store\\store.js","statementMap":{"0":{"start":{"line":4,"column":14},"end":{"line":15,"column":2}},"1":{"start":{"line":9,"column":4},"end":{"line":14,"column":6}}},"fnMap":{"0":{"name":"(anonymous_0)","decl":{"start":{"line":8,"column":14},"end":{"line":8,"column":15}},"loc":{"start":{"line":9,"column":4},"end":{"line":14,"column":6}},"line":9}},"branchMap":{},"s":{"0":1,"1":1},"f":{"0":1},"b":{},"_coverageSchema":"1a1c01bbd47fc00a2c39e90264f33305004495a9","hash":"d9a62d1e1b2f6261459759f4e05613a148dfe115"}
,"C:\\Users\\Guilherme Arantes\\Documents\\AgroTeste\\desafio-agro\\src\\services\\apiService.js": {"path":"C:\\Users\\Guilherme Arantes\\Documents\\AgroTeste\\desafio-agro\\src\\services\\apiService.js","statementMap":{"0":{"start":{"line":1,"column":21},"end":{"line":1,"column":48}},"1":{"start":{"line":3,"column":19},"end":{"line":95,"column":1}},"2":{"start":{"line":5,"column":4},"end":{"line":25,"column":5}},"3":{"start":{"line":6,"column":23},"end":{"line":8,"column":8}},"4":{"start":{"line":10,"column":6},"end":{"line":21,"column":7}},"5":{"start":{"line":11,"column":8},"end":{"line":19,"column":9}},"6":{"start":{"line":13,"column":31},"end":{"line":13,"column":67}},"7":{"start":{"line":14,"column":27},"end":{"line":14,"column":70}},"8":{"start":{"line":17,"column":10},"end":{"line":17,"column":63}},"9":{"start":{"line":18,"column":10},"end":{"line":18,"column":53}},"10":{"start":{"line":20,"column":8},"end":{"line":20,"column":47}},"11":{"start":{"line":22,"column":6},"end":{"line":22,"column":29}},"12":{"start":{"line":24,"column":6},"end":{"line":24,"column":18}},"13":{"start":{"line":29,"column":4},"end":{"line":52,"column":5}},"14":{"start":{"line":30,"column":23},"end":{"line":37,"column":8}},"15":{"start":{"line":39,"column":6},"end":{"line":48,"column":7}},"16":{"start":{"line":40,"column":8},"end":{"line":46,"column":9}},"17":{"start":{"line":41,"column":31},"end":{"line":41,"column":67}},"18":{"start":{"line":42,"column":27},"end":{"line":42,"column":70}},"19":{"start":{"line":44,"column":10},"end":{"line":44,"column":63}},"20":{"start":{"line":45,"column":10},"end":{"line":45,"column":60}},"21":{"start":{"line":47,"column":8},"end":{"line":47,"column":47}},"22":{"start":{"line":49,"column":6},"end":{"line":49,"column":29}},"23":{"start":{"line":51,"column":6},"end":{"line":51,"column":18}},"24":{"start":{"line":56,"column":4},"end":{"line":78,"column":5}},"25":{"start":{"line":57,"column":23},"end":{"line":63,"column":8}},"26":{"start":{"line":65,"column":6},"end":{"line":74,"column":7}},"27":{"start":{"line":66,"column":8},"end":{"line":72,"column":9}},"28":{"start":{"line":67,"column":31},"end":{"line":67,"column":67}},"29":{"start":{"line":68,"column":27},"end":{"line":68,"column":70}},"30":{"start":{"line":70,"column":10},"end":{"line":70,"column":63}},"31":{"start":{"line":71,"column":10},"end":{"line":71,"column":56}},"32":{"start":{"line":73,"column":8},"end":{"line":73,"column":47}},"33":{"start":{"line":75,"column":6},"end":{"line":75,"column":22}},"34":{"start":{"line":77,"column":6},"end":{"line":77,"column":18}},"35":{"start":{"line":82,"column":4},"end":{"line":93,"column":5}},"36":{"start":{"line":83,"column":23},"end":{"line":87,"column":8}},"37":{"start":{"line":89,"column":6},"end":{"line":89,"column":68}},"38":{"start":{"line":89,"column":24},"end":{"line":89,"column":68}},"39":{"start":{"line":90,"column":6},"end":{"line":90,"column":29}},"40":{"start":{"line":92,"column":6},"end":{"line":92,"column":18}}},"fnMap":{"0":{"name":"(anonymous_0)","decl":{"start":{"line":4,"column":2},"end":{"line":4,"column":3}},"loc":{"start":{"line":4,"column":29},"end":{"line":26,"column":3}},"line":4},"1":{"name":"(anonymous_1)","decl":{"start":{"line":28,"column":2},"end":{"line":28,"column":3}},"loc":{"start":{"line":28,"column":36},"end":{"line":53,"column":3}},"line":28},"2":{"name":"(anonymous_2)","decl":{"start":{"line":55,"column":2},"end":{"line":55,"column":3}},"loc":{"start":{"line":55,"column":32},"end":{"line":79,"column":3}},"line":55},"3":{"name":"(anonymous_3)","decl":{"start":{"line":81,"column":2},"end":{"line":81,"column":3}},"loc":{"start":{"line":81,"column":41},"end":{"line":94,"column":3}},"line":81}},"branchMap":{"0":{"loc":{"start":{"line":10,"column":6},"end":{"line":21,"column":7}},"type":"if","locations":[{"start":{"line":10,"column":6},"end":{"line":21,"column":7}},{"start":{},"end":{}}],"line":10},"1":{"loc":{"start":{"line":11,"column":8},"end":{"line":19,"column":9}},"type":"if","locations":[{"start":{"line":11,"column":8},"end":{"line":19,"column":9}},{"start":{},"end":{}}],"line":11},"2":{"loc":{"start":{"line":39,"column":6},"end":{"line":48,"column":7}},"type":"if","locations":[{"start":{"line":39,"column":6},"end":{"line":48,"column":7}},{"start":{},"end":{}}],"line":39},"3":{"loc":{"start":{"line":40,"column":8},"end":{"line":46,"column":9}},"type":"if","locations":[{"start":{"line":40,"column":8},"end":{"line":46,"column":9}},{"start":{},"end":{}}],"line":40},"4":{"loc":{"start":{"line":65,"column":6},"end":{"line":74,"column":7}},"type":"if","locations":[{"start":{"line":65,"column":6},"end":{"line":74,"column":7}},{"start":{},"end":{}}],"line":65},"5":{"loc":{"start":{"line":66,"column":8},"end":{"line":72,"column":9}},"type":"if","locations":[{"start":{"line":66,"column":8},"end":{"line":72,"column":9}},{"start":{},"end":{}}],"line":66},"6":{"loc":{"start":{"line":89,"column":6},"end":{"line":89,"column":68}},"type":"if","locations":[{"start":{"line":89,"column":6},"end":{"line":89,"column":68}},{"start":{},"end":{}}],"line":89}},"s":{"0":1,"1":1,"2":8,"3":8,"4":8,"5":0,"6":0,"7":0,"8":0,"9":0,"10":0,"11":7,"12":1,"13":1,"14":1,"15":1,"16":0,"17":0,"18":0,"19":0,"20":0,"21":0,"22":1,"23":0,"24":1,"25":1,"26":1,"27":0,"28":0,"29":0,"30":0,"31":0,"32":0,"33":1,"34":0,"35":0,"36":0,"37":0,"38":0,"39":0,"40":0},"f":{"0":8,"1":1,"2":1,"3":0},"b":{"0":[0,7],"1":[0,0],"2":[0,1],"3":[0,0],"4":[0,1],"5":[0,0],"6":[0,0]},"_coverageSchema":"1a1c01bbd47fc00a2c39e90264f33305004495a9","hash":"6a919de840e1949ff1b127aecdf79a45878a471b"}
}
