{"C:\\Users\\Guilherme Arantes\\Documents\\AgroTeste\\desafio-agro\\src\\components\\TabelaProdutos.jsx": {"path":"C:\\Users\\Guilherme Arantes\\Documents\\AgroTeste\\desafio-agro\\src\\components\\TabelaProdutos.jsx","statementMap":{"0":{"start":{"line":3,"column":23},"end":{"line":142,"column":1}},"1":{"start":{"line":4,"column":34},"end":{"line":4,"column":46}},"2":{"start":{"line":5,"column":48},"end":{"line":5,"column":60}},"3":{"start":{"line":6,"column":50},"end":{"line":6,"column":62}},"4":{"start":{"line":7,"column":32},"end":{"line":7,"column":44}},"5":{"start":{"line":9,"column":2},"end":{"line":20,"column":9}},"6":{"start":{"line":10,"column":26},"end":{"line":18,"column":5}},"7":{"start":{"line":11,"column":6},"end":{"line":17,"column":7}},"8":{"start":{"line":12,"column":25},"end":{"line":12,"column":75}},"9":{"start":{"line":13,"column":21},"end":{"line":13,"column":42}},"10":{"start":{"line":14,"column":8},"end":{"line":14,"column":26}},"11":{"start":{"line":16,"column":8},"end":{"line":16,"column":57}},"12":{"start":{"line":19,"column":4},"end":{"line":19,"column":20}},"13":{"start":{"line":22,"column":27},"end":{"line":55,"column":3}},"14":{"start":{"line":23,"column":4},"end":{"line":26,"column":5}},"15":{"start":{"line":24,"column":6},"end":{"line":24,"column":69}},"16":{"start":{"line":25,"column":6},"end":{"line":25,"column":13}},"17":{"start":{"line":28,"column":24},"end":{"line":31,"column":5}},"18":{"start":{"line":33,"column":4},"end":{"line":54,"column":5}},"19":{"start":{"line":34,"column":23},"end":{"line":40,"column":8}},"20":{"start":{"line":42,"column":6},"end":{"line":44,"column":7}},"21":{"start":{"line":43,"column":8},"end":{"line":43,"column":56}},"22":{"start":{"line":46,"column":28},"end":{"line":46,"column":49}},"23":{"start":{"line":48,"column":6},"end":{"line":48,"column":76}},"24":{"start":{"line":48,"column":39},"end":{"line":48,"column":74}},"25":{"start":{"line":49,"column":6},"end":{"line":49,"column":29}},"26":{"start":{"line":50,"column":6},"end":{"line":50,"column":30}},"27":{"start":{"line":51,"column":6},"end":{"line":51,"column":21}},"28":{"start":{"line":53,"column":6},"end":{"line":53,"column":32}},"29":{"start":{"line":57,"column":25},"end":{"line":80,"column":3}},"30":{"start":{"line":58,"column":4},"end":{"line":79,"column":5}},"31":{"start":{"line":59,"column":23},"end":{"line":64,"column":7}},"32":{"start":{"line":66,"column":6},"end":{"line":71,"column":7}},"33":{"start":{"line":67,"column":8},"end":{"line":69,"column":9}},"34":{"start":{"line":68,"column":10},"end":{"line":68,"column":53}},"35":{"start":{"line":70,"column":8},"end":{"line":70,"column":54}},"36":{"start":{"line":73,"column":6},"end":{"line":75,"column":8}},"37":{"start":{"line":74,"column":8},"end":{"line":74,"column":62}},"38":{"start":{"line":74,"column":44},"end":{"line":74,"column":61}},"39":{"start":{"line":76,"column":6},"end":{"line":76,"column":21}},"40":{"start":{"line":78,"column":6},"end":{"line":78,"column":32}},"41":{"start":{"line":82,"column":2},"end":{"line":141,"column":4}},"42":{"start":{"line":94,"column":27},"end":{"line":94,"column":61}},"43":{"start":{"line":101,"column":27},"end":{"line":101,"column":62}},"44":{"start":{"line":125,"column":12},"end":{"line":136,"column":17}},"45":{"start":{"line":130,"column":33},"end":{"line":130,"column":59}}},"fnMap":{"0":{"name":"(anonymous_0)","decl":{"start":{"line":3,"column":23},"end":{"line":3,"column":24}},"loc":{"start":{"line":3,"column":29},"end":{"line":142,"column":1}},"line":3},"1":{"name":"(anonymous_1)","decl":{"start":{"line":9,"column":12},"end":{"line":9,"column":13}},"loc":{"start":{"line":9,"column":18},"end":{"line":20,"column":3}},"line":9},"2":{"name":"(anonymous_2)","decl":{"start":{"line":10,"column":26},"end":{"line":10,"column":27}},"loc":{"start":{"line":10,"column":38},"end":{"line":18,"column":5}},"line":10},"3":{"name":"(anonymous_3)","decl":{"start":{"line":22,"column":27},"end":{"line":22,"column":28}},"loc":{"start":{"line":22,"column":39},"end":{"line":55,"column":3}},"line":22},"4":{"name":"(anonymous_4)","decl":{"start":{"line":48,"column":18},"end":{"line":48,"column":19}},"loc":{"start":{"line":48,"column":39},"end":{"line":48,"column":74}},"line":48},"5":{"name":"(anonymous_5)","decl":{"start":{"line":57,"column":25},"end":{"line":57,"column":26}},"loc":{"start":{"line":57,"column":39},"end":{"line":80,"column":3}},"line":57},"6":{"name":"(anonymous_6)","decl":{"start":{"line":73,"column":18},"end":{"line":73,"column":19}},"loc":{"start":{"line":74,"column":8},"end":{"line":74,"column":62}},"line":74},"7":{"name":"(anonymous_7)","decl":{"start":{"line":74,"column":31},"end":{"line":74,"column":32}},"loc":{"start":{"line":74,"column":44},"end":{"line":74,"column":61}},"line":74},"8":{"name":"(anonymous_8)","decl":{"start":{"line":94,"column":20},"end":{"line":94,"column":21}},"loc":{"start":{"line":94,"column":27},"end":{"line":94,"column":61}},"line":94},"9":{"name":"(anonymous_9)","decl":{"start":{"line":101,"column":20},"end":{"line":101,"column":21}},"loc":{"start":{"line":101,"column":27},"end":{"line":101,"column":62}},"line":101},"10":{"name":"(anonymous_10)","decl":{"start":{"line":124,"column":24},"end":{"line":124,"column":25}},"loc":{"start":{"line":125,"column":12},"end":{"line":136,"column":17}},"line":125},"11":{"name":"(anonymous_11)","decl":{"start":{"line":130,"column":27},"end":{"line":130,"column":28}},"loc":{"start":{"line":130,"column":33},"end":{"line":130,"column":59}},"line":130}},"branchMap":{"0":{"loc":{"start":{"line":23,"column":4},"end":{"line":26,"column":5}},"type":"if","locations":[{"start":{"line":23,"column":4},"end":{"line":26,"column":5}},{"start":{},"end":{}}],"line":23},"1":{"loc":{"start":{"line":23,"column":8},"end":{"line":23,"column":45}},"type":"binary-expr","locations":[{"start":{"line":23,"column":8},"end":{"line":23,"column":24}},{"start":{"line":23,"column":28},"end":{"line":23,"column":45}}],"line":23},"2":{"loc":{"start":{"line":42,"column":6},"end":{"line":44,"column":7}},"type":"if","locations":[{"start":{"line":42,"column":6},"end":{"line":44,"column":7}},{"start":{},"end":{}}],"line":42},"3":{"loc":{"start":{"line":66,"column":6},"end":{"line":71,"column":7}},"type":"if","locations":[{"start":{"line":66,"column":6},"end":{"line":71,"column":7}},{"start":{},"end":{}}],"line":66},"4":{"loc":{"start":{"line":67,"column":8},"end":{"line":69,"column":9}},"type":"if","locations":[{"start":{"line":67,"column":8},"end":{"line":69,"column":9}},{"start":{},"end":{}}],"line":67},"5":{"loc":{"start":{"line":110,"column":7},"end":{"line":112,"column":7}},"type":"binary-expr","locations":[{"start":{"line":110,"column":7},"end":{"line":110,"column":14}},{"start":{"line":111,"column":8},"end":{"line":111,"column":75}}],"line":110}},"s":{"0":1,"1":11,"2":11,"3":11,"4":11,"5":11,"6":4,"7":4,"8":4,"9":4,"10":3,"11":1,"12":4,"13":11,"14":2,"15":1,"16":1,"17":1,"18":1,"19":1,"20":1,"21":0,"22":1,"23":1,"24":1,"25":1,"26":1,"27":1,"28":0,"29":11,"30":1,"31":1,"32":1,"33":0,"34":0,"35":0,"36":1,"37":1,"38":2,"39":1,"40":0,"41":11,"42":1,"43":1,"44":6,"45":1},"f":{"0":11,"1":4,"2":4,"3":2,"4":1,"5":1,"6":1,"7":2,"8":1,"9":1,"10":6,"11":1},"b":{"0":[1,1],"1":[2,1],"2":[0,1],"3":[0,1],"4":[0,0],"5":[11,1]},"_coverageSchema":"1a1c01bbd47fc00a2c39e90264f33305004495a9","hash":"fe311ce1fafe229e3c35e138f68245eec4d12832"}
}
