TN:
SF:src\components\TabelaProdutos.jsx
FN:3,(anonymous_0)
FN:9,(anonymous_1)
FN:10,(anonymous_2)
FN:22,(anonymous_3)
FN:48,(anonymous_4)
FN:57,(anonymous_5)
FN:73,(anonymous_6)
FN:74,(anonymous_7)
FN:94,(anonymous_8)
FN:101,(anonymous_9)
FN:124,(anonymous_10)
FN:130,(anonymous_11)
FNF:12
FNH:12
FNDA:11,(anonymous_0)
FNDA:4,(anonymous_1)
FNDA:4,(anonymous_2)
FNDA:2,(anonymous_3)
FNDA:1,(anonymous_4)
FNDA:1,(anonymous_5)
FNDA:1,(anonymous_6)
FNDA:2,(anonymous_7)
FNDA:1,(anonymous_8)
FNDA:1,(anonymous_9)
FNDA:6,(anonymous_10)
FNDA:1,(anonymous_11)
DA:3,1
DA:4,11
DA:5,11
DA:6,11
DA:7,11
DA:9,11
DA:10,4
DA:11,4
DA:12,4
DA:13,4
DA:14,3
DA:16,1
DA:19,4
DA:22,11
DA:23,2
DA:24,1
DA:25,1
DA:28,1
DA:33,1
DA:34,1
DA:42,1
DA:43,0
DA:46,1
DA:48,1
DA:49,1
DA:50,1
DA:51,1
DA:53,0
DA:57,11
DA:58,1
DA:59,1
DA:66,1
DA:67,0
DA:68,0
DA:70,0
DA:73,1
DA:74,2
DA:76,1
DA:78,0
DA:82,11
DA:94,1
DA:101,1
DA:125,6
DA:130,1
LF:44
LH:38
BRDA:23,0,0,1
BRDA:23,0,1,1
BRDA:23,1,0,2
BRDA:23,1,1,1
BRDA:42,2,0,0
BRDA:42,2,1,1
BRDA:66,3,0,0
BRDA:66,3,1,1
BRDA:67,4,0,0
BRDA:67,4,1,0
BRDA:110,5,0,11
BRDA:110,5,1,1
BRF:12
BRH:8
end_of_record
