TN:
SF:src\components\ListaProdutos.jsx
FN:4,(anonymous_0)
FN:5,(anonymous_1)
FN:29,(anonymous_2)
FNF:3
FNH:3
FNDA:18,(anonymous_0)
FNDA:29,(anonymous_1)
FNDA:1,(anonymous_2)
DA:4,1
DA:5,18
DA:6,29
DA:7,29
DA:29,1
DA:39,18
LF:6
LH:6
BRF:0
BRH:0
end_of_record
TN:
SF:src\components\TabelaProdutos.jsx
FN:10,(anonymous_0)
FN:20,(anonymous_1)
FN:22,(anonymous_2)
FN:26,(anonymous_3)
FN:28,(anonymous_4)
FN:44,(anonymous_5)
FN:48,(anonymous_6)
FN:79,(anonymous_7)
FN:94,(anonymous_8)
FN:102,(anonymous_9)
FN:127,(anonymous_10)
FN:144,(anonymous_11)
FN:154,(anonymous_12)
FN:183,(anonymous_13)
FN:195,(anonymous_14)
FN:207,(anonymous_15)
FN:219,(anonymous_16)
FNF:17
FNH:11
FNDA:19,(anonymous_0)
FNDA:39,(anonymous_1)
FNDA:3,(anonymous_2)
FNDA:0,(anonymous_3)
FNDA:7,(anonymous_4)
FNDA:7,(anonymous_5)
FNDA:2,(anonymous_6)
FNDA:1,(anonymous_7)
FNDA:0,(anonymous_8)
FNDA:13,(anonymous_9)
FNDA:2,(anonymous_10)
FNDA:1,(anonymous_11)
FNDA:1,(anonymous_12)
FNDA:0,(anonymous_13)
FNDA:0,(anonymous_14)
FNDA:0,(anonymous_15)
FNDA:0,(anonymous_16)
DA:10,1
DA:11,19
DA:12,18
DA:13,18
DA:14,18
DA:15,18
DA:16,18
DA:17,18
DA:18,18
DA:19,18
DA:20,39
DA:22,18
DA:23,3
DA:26,18
DA:28,18
DA:29,7
DA:30,1
DA:31,1
DA:34,6
DA:35,6
DA:37,0
DA:44,18
DA:45,7
DA:48,18
DA:49,2
DA:50,1
DA:51,1
DA:54,1
DA:59,1
DA:60,1
DA:66,1
DA:70,1
DA:71,1
DA:72,1
DA:73,1
DA:75,0
DA:79,18
DA:80,1
DA:82,1
DA:86,1
DA:87,1
DA:88,1
DA:90,0
DA:94,18
DA:95,0
DA:96,0
DA:98,0
DA:102,18
DA:103,13
DA:104,0
DA:107,13
DA:108,0
DA:110,13
DA:113,18
DA:128,2
DA:129,2
DA:144,1
DA:155,1
DA:156,1
DA:157,0
DA:159,1
DA:183,0
DA:195,0
DA:207,0
DA:219,0
LF:65
LH:52
BRDA:29,0,0,1
BRDA:29,0,1,6
BRDA:49,1,0,1
BRDA:49,1,1,1
BRDA:49,2,0,2
BRDA:49,2,1,1
BRDA:95,3,0,0
BRDA:95,3,1,0
BRDA:95,4,0,0
BRDA:95,4,1,0
BRDA:103,5,0,0
BRDA:103,5,1,13
BRDA:104,6,0,0
BRDA:104,6,1,0
BRDA:107,7,0,0
BRDA:107,7,1,13
BRDA:108,8,0,0
BRDA:108,8,1,0
BRDA:156,9,0,0
BRDA:156,9,1,1
BRF:20
BRH:9
end_of_record
TN:
SF:src\components\shared\Toast.jsx
FN:3,(anonymous_0)
FN:5,(anonymous_1)
FN:7,(anonymous_2)
FN:10,(anonymous_3)
FNF:4
FNH:3
FNDA:18,(anonymous_0)
FNDA:18,(anonymous_1)
FNDA:0,(anonymous_2)
FNDA:2,(anonymous_3)
DA:3,1
DA:5,18
DA:6,18
DA:7,2
DA:8,0
DA:10,2
DA:14,18
LF:7
LH:6
BRDA:6,0,0,2
BRDA:6,0,1,16
BRDA:16,1,0,2
BRDA:16,1,1,16
BRF:4
BRH:4
end_of_record
TN:
SF:src\redux\features\produtosSlice.js
FN:6,(anonymous_0)
FN:27,(anonymous_1)
FN:29,(anonymous_2)
FN:42,(anonymous_3)
FN:44,(anonymous_4)
FN:47,(anonymous_5)
FN:51,(anonymous_6)
FNF:7
FNH:5
FNDA:8,(anonymous_0)
FNDA:0,(anonymous_1)
FNDA:0,(anonymous_2)
FNDA:1,(anonymous_3)
FNDA:8,(anonymous_4)
FNDA:7,(anonymous_5)
FNDA:1,(anonymous_6)
DA:4,1
DA:7,8
DA:9,8
DA:10,8
DA:11,7
DA:13,1
DA:18,1
DA:28,0
DA:29,0
DA:30,0
DA:31,0
DA:34,0
DA:35,0
DA:37,0
DA:39,0
DA:43,1
DA:45,8
DA:48,7
DA:49,7
DA:52,1
DA:53,1
DA:58,1
LF:22
LH:14
BRDA:30,0,0,0
BRDA:30,0,1,0
BRDA:31,1,0,0
BRDA:31,1,1,0
BRDA:34,2,0,0
BRDA:34,2,1,0
BRDA:35,3,0,0
BRDA:35,3,1,0
BRF:8
BRH:0
end_of_record
TN:
SF:src\redux\store\store.js
FN:8,(anonymous_0)
FNF:1
FNH:1
FNDA:1,(anonymous_0)
DA:4,1
DA:9,1
LF:2
LH:2
BRF:0
BRH:0
end_of_record
TN:
SF:src\services\apiService.js
FN:4,(anonymous_0)
FN:28,(anonymous_1)
FN:55,(anonymous_2)
FN:81,(anonymous_3)
FNF:4
FNH:3
FNDA:8,(anonymous_0)
FNDA:1,(anonymous_1)
FNDA:1,(anonymous_2)
FNDA:0,(anonymous_3)
DA:1,1
DA:3,1
DA:5,8
DA:6,8
DA:10,8
DA:11,0
DA:13,0
DA:14,0
DA:17,0
DA:18,0
DA:20,0
DA:22,7
DA:24,1
DA:29,1
DA:30,1
DA:39,1
DA:40,0
DA:41,0
DA:42,0
DA:44,0
DA:45,0
DA:47,0
DA:49,1
DA:51,0
DA:56,1
DA:57,1
DA:65,1
DA:66,0
DA:67,0
DA:68,0
DA:70,0
DA:71,0
DA:73,0
DA:75,1
DA:77,0
DA:82,0
DA:83,0
DA:89,0
DA:90,0
DA:92,0
LF:40
LH:15
BRDA:10,0,0,0
BRDA:10,0,1,7
BRDA:11,1,0,0
BRDA:11,1,1,0
BRDA:39,2,0,0
BRDA:39,2,1,1
BRDA:40,3,0,0
BRDA:40,3,1,0
BRDA:65,4,0,0
BRDA:65,4,1,1
BRDA:66,5,0,0
BRDA:66,5,1,0
BRDA:89,6,0,0
BRDA:89,6,1,0
BRF:14
BRH:3
end_of_record
